s:\dev-zone\cppgamemagisterka\cppgamemagisterka\debug\vc142.pdb
s:\dev-zone\cppgamemagisterka\cppgamemagisterka\debug\vc142.idb
s:\dev-zone\cppgamemagisterka\cppgamemagisterka\debug\gamemachine.obj
s:\dev-zone\cppgamemagisterka\cppgamemagisterka\debug\renderer.obj
s:\dev-zone\cppgamemagisterka\cppgamemagisterka\debug\main.obj
s:\dev-zone\cppgamemagisterka\cppgamemagisterka\debug\cppgame.res
s:\dev-zone\cppgamemagisterka\debug\cppgame.pdb
s:\dev-zone\cppgamemagisterka\cppgamemagisterka\debug\cppgame.tlog\cl.command.1.tlog
s:\dev-zone\cppgamemagisterka\cppgamemagisterka\debug\cppgame.tlog\cl.read.1.tlog
s:\dev-zone\cppgamemagisterka\cppgamemagisterka\debug\cppgame.tlog\cl.write.1.tlog
s:\dev-zone\cppgamemagisterka\cppgamemagisterka\debug\cppgame.tlog\link-cvtres.read.1.tlog
s:\dev-zone\cppgamemagisterka\cppgamemagisterka\debug\cppgame.tlog\link-cvtres.write.1.tlog
s:\dev-zone\cppgamemagisterka\cppgamemagisterka\debug\cppgame.tlog\link-rc.read.1.tlog
s:\dev-zone\cppgamemagisterka\cppgamemagisterka\debug\cppgame.tlog\link-rc.write.1.tlog
s:\dev-zone\cppgamemagisterka\cppgamemagisterka\debug\cppgame.tlog\link.command.1.tlog
s:\dev-zone\cppgamemagisterka\cppgamemagisterka\debug\cppgame.tlog\link.read.1.tlog
s:\dev-zone\cppgamemagisterka\cppgamemagisterka\debug\cppgame.tlog\link.write.1.tlog
s:\dev-zone\cppgamemagisterka\cppgamemagisterka\debug\cppgame.tlog\rc.command.1.tlog
s:\dev-zone\cppgamemagisterka\cppgamemagisterka\debug\cppgame.tlog\rc.read.1.tlog
s:\dev-zone\cppgamemagisterka\cppgamemagisterka\debug\cppgame.tlog\rc.write.1.tlog
